\BOOKMARK [1][-]{section.1}{\376\377\170\024\172\166\200\314\146\157\123\312\141\017\116\111}{}% 1
\BOOKMARK [2][-]{subsection.1.1}{\376\377\232\330\121\111\214\061\126\376\120\317\123\312\121\166\142\020\120\317\123\237\164\006}{section.1}% 2
\BOOKMARK [2][-]{subsection.1.2}{\376\377\232\330\121\111\214\061\126\376\120\317\166\204\162\171\137\201}{section.1}% 3
\BOOKMARK [2][-]{subsection.1.3}{\376\377\232\330\121\111\214\061\126\376\120\317\166\204\136\224\165\050\230\206\127\337}{section.1}% 4
\BOOKMARK [2][-]{subsection.1.4}{\376\377\133\371\232\330\121\111\214\061\126\376\120\317\217\333\210\114\226\115\126\152\166\204\141\017\116\111}{section.1}% 5
\BOOKMARK [1][-]{section.2}{\376\377\126\376\120\317\226\115\126\152\166\204\166\370\121\163\135\345\117\134}{}% 6
\BOOKMARK [1][-]{section.3}{\376\377\170\024\172\166\215\357\176\277}{}% 7
\BOOKMARK [2][-]{subsection.3.1}{\376\377\232\330\121\111\214\061\126\376\120\317\226\115\126\152\166\204\166\370\121\163\170\024\172\166}{section.3}% 8
\BOOKMARK [2][-]{subsection.3.2}{\376\377\147\054\172\340\133\211\143\222}{section.3}% 9
\BOOKMARK [2][-]{subsection.3.3}{\376\377\117\177\165\050\150\070\203\003\145\160\146\377\116\343\171\351\121\375\145\160\166\204\226\115\126\152\145\271\154\325}{section.3}% 10
\BOOKMARK [2][-]{subsection.3.4}{\376\377\117\177\165\050\142\052\145\255\137\017\150\070\203\003\145\160\146\377\116\343\171\351\121\375\145\160\166\204\226\115\126\152\145\271\154\325}{section.3}% 11
\BOOKMARK [2][-]{subsection.3.5}{\376\377\117\177\165\050\147\103\221\315\137\017\150\070\203\003\145\160\146\377\116\343\171\351\121\375\145\160\166\204\226\115\126\152\145\271\154\325}{section.3}% 12
\BOOKMARK [2][-]{subsection.3.6}{\376\377\117\177\165\050\000l\000o\000g\000-\150\070\203\003\145\160\146\377\116\343\171\351\121\375\145\160\166\204\226\115\126\152\145\271\154\325}{section.3}% 13
\BOOKMARK [2][-]{subsection.3.7}{\376\377\147\054\172\340\134\017\176\323}{section.3}% 14
\BOOKMARK [1][-]{section.4}{\376\377\133\236\232\214\220\350\122\006}{}% 15
\BOOKMARK [2][-]{subsection.4.1}{\376\377\213\304\116\367\226\115\126\152\145\110\147\234\166\204\143\007\150\007\040\024\040\024\134\360\120\074\117\341\126\152\153\324}{section.4}% 16
\BOOKMARK [2][-]{subsection.4.2}{\376\377\133\236\232\214\213\276\213\241}{section.4}% 17
\BOOKMARK [3][-]{subsubsection.4.2.1}{\376\377\116\272\220\040\145\160\143\156\220\350\122\006}{subsection.4.2}% 18
\BOOKMARK [3][-]{subsubsection.4.2.2}{\376\377\167\037\133\236\211\306\211\311\145\160\143\156\220\350\122\006}{subsection.4.2}% 19
\BOOKMARK [2][-]{subsection.4.3}{\376\377\133\236\232\214\145\160\143\156}{section.4}% 20
\BOOKMARK [2][-]{subsection.4.4}{\376\377\133\236\232\214\176\323\147\234\116\016\122\006\147\220}{section.4}% 21
\BOOKMARK [3][-]{subsubsection.4.4.1}{\376\377\116\272\220\040\145\160\143\156\220\350\122\006\166\204\133\236\232\214\176\323\147\234}{subsection.4.4}% 22
\BOOKMARK [3][-]{subsubsection.4.4.2}{\376\377\167\037\133\236\211\306\211\311\145\160\143\156\220\350\122\006\166\204\133\236\232\214\176\323\147\234}{subsection.4.4}% 23
\BOOKMARK [3][-]{subsubsection.4.4.3}{\376\377\176\323\147\234\122\006\147\220}{subsection.4.4}% 24
\BOOKMARK [1][-]{section.5}{\376\377\147\052\147\145\135\345\117\134\134\125\147\033}{}% 25
\BOOKMARK [2][-]{subsection.5.1}{\376\377\171\351\121\375\145\160\166\204\116\015\124\014\145\076\177\051\145\271\154\325\116\113\225\364\166\204\166\370\116\222\207\215\124\010}{section.5}% 26
\BOOKMARK [2][-]{subsection.5.2}{\376\377\155\367\124\010\126\152\130\360\166\204\226\115\126\152\225\356\230\230}{section.5}% 27
\BOOKMARK [2][-]{subsection.5.3}{\376\377\117\177\165\050\137\040\221\317\166\204\226\115\126\152\145\271\154\325}{section.5}% 28
\BOOKMARK [2][-]{subsection.5.4}{\376\377\117\116\171\351\162\171\140\047\166\204\121\166\116\326\136\224\165\050}{section.5}% 29
\BOOKMARK [1][-]{section.6}{\376\377\140\073\176\323}{}% 30
\BOOKMARK [1][-]{section.6}{\376\377\123\302\200\003\145\207\163\056}{}% 31
\BOOKMARK [1][-]{section.6}{\376\377\201\364\000\040\000\040\214\042}{}% 32
